<?xml version="1.0" encoding="UTF-8"?>
<!-- Generated by org.testng.reporters.JUnitXMLReporter -->
<testsuite hostname="LAPTOP-FPM8IH65" ignored="0" name="ListenersTest" tests="3" failures="1" timestamp="23 Apr 2022 06:39:52 GMT" time="0.105" errors="0">
  <testcase name="UserRegister" time="0.027" classname="Testcases.Testcase2">
    <failure type="java.lang.AssertionError" message="User register is failed">
      <![CDATA[java.lang.AssertionError: User register is failed
at Testcases.Testcase2.UserRegister(Testcase2.java:17)
... Removed 26 stack frames]]>
    </failure>
  </testcase> <!-- UserRegister -->
  <testcase name="doLogin" time="0.002" classname="Testcases.Testcase2"/>
  <testcase name="isSkip" time="0.002" classname="Testcases.Testcase2">
    <skipped/>
  </testcase> <!-- isSkip -->
</testsuite> <!-- ListenersTest -->
